[2026-01-14 10:25:19] ========================================
[2026-01-14 10:25:19] AutoKB Automation Script Started
[2026-01-14 10:25:19] ========================================
[2026-01-14 10:25:19] Working directory: D:\GitHub\SuperK8
[2026-01-14 10:25:19] 
[2026-01-14 10:25:19] Step 1: Running AutoKB.R
[2026-01-14 10:25:19] ----------------------------------------
[2026-01-14 10:25:19] Rscript path: D:\Program Files\R\R-4.5.2\bin\Rscript.exe
[2026-01-14 10:25:19] Starting AutoKB.R execution...
[2026-01-14 10:25:27] AutoKB.R executed successfully
[2026-01-14 10:25:27] 
[2026-01-14 10:25:27] Step 2: Git operations
[2026-01-14 10:25:27] ----------------------------------------
[2026-01-14 10:25:27] Checking Git status...
[2026-01-14 10:25:28] Changes detected, starting Git operations...
[2026-01-14 10:25:28] Executing git add .
[2026-01-14 10:25:28] Executing git commit -m "AutoKB update - 2026-01-14 10:25:28"
[2026-01-14 10:25:28] [main c8e5051] AutoKB update - 2026-01-14 10:25:28
[2026-01-14 10:25:28]  12 files changed, 600 insertions(+), 2 deletions(-)
[2026-01-14 10:25:28]  create mode 100644 NextKB/2026014_3.txt
[2026-01-14 10:25:28]  create mode 100644 NextKB/2026014_4.txt
[2026-01-14 10:25:28]  create mode 100644 logs/AutoKB_20260114_102250.log
[2026-01-14 10:25:28]  create mode 100644 logs/AutoKB_20260114_102437.log
[2026-01-14 10:25:28]  create mode 100644 logs/AutoKB_20260114_102519.log
[2026-01-14 10:25:28]  create mode 100644 logs/R_error_20260114_102438.log
[2026-01-14 10:25:28]  create mode 100644 logs/R_error_20260114_102519.log
[2026-01-14 10:25:28]  create mode 100644 logs/R_output_20260114_102438.log
[2026-01-14 10:25:28]  create mode 100644 logs/R_output_20260114_102519.log
[2026-01-14 10:25:28]  create mode 100644 run_autokb.bat
[2026-01-14 10:25:28]  create mode 100644 run_autokb.ps1
[2026-01-14 10:25:28] Executing git push
[2026-01-14 10:26:12] Error: To https://github.com/mydaisg/SuperK8.git
[2026-01-14 10:26:12] Stack trace: at Main, D:\GitHub\SuperK8\run_autokb.ps1: line 93
at <ScriptBlock>, D:\GitHub\SuperK8\run_autokb.ps1: line 113
