[2026-01-14 10:57:49] ========================================
[2026-01-14 10:57:49] AutoKB Automation Script Started
[2026-01-14 10:57:49] ========================================
[2026-01-14 10:57:49] Working directory: D:\GitHub\SuperK8
[2026-01-14 10:57:49] 
[2026-01-14 10:57:49] Step 1: Running AutoKB.R
[2026-01-14 10:57:49] ----------------------------------------
[2026-01-14 10:57:49] Rscript path: D:\Program Files\R\R-4.5.2\bin\Rscript.exe
[2026-01-14 10:57:49] Starting AutoKB.R execution...
[2026-01-14 10:57:57] AutoKB.R executed successfully
[2026-01-14 10:57:57] 
[2026-01-14 10:57:57] Step 2: Git operations
[2026-01-14 10:57:57] ----------------------------------------
[2026-01-14 10:57:57] Checking Git status...
[2026-01-14 10:57:57] Changes detected, starting Git operations...
[2026-01-14 10:57:58] Executing git add .
[2026-01-14 10:57:58] Executing git commit -m "AutoKB update - 2026-01-14 10:57:58"
[2026-01-14 10:57:58] [main 26b376a] AutoKB update - 2026-01-14 10:57:58
[2026-01-14 10:57:58]  4 files changed, 225 insertions(+)
[2026-01-14 10:57:58]  create mode 100644 NextKB/2026014_6.txt
[2026-01-14 10:57:58]  create mode 100644 logs/AutoKB_20260114_105749.log
[2026-01-14 10:57:58]  create mode 100644 logs/R_error_20260114_105749.log
[2026-01-14 10:57:58]  create mode 100644 logs/R_output_20260114_105749.log
[2026-01-14 10:57:58] Executing git push
[2026-01-14 10:58:19] Error: fatal: unable to access 'https://github.com/mydaisg/SuperK8.git/': Failed to connect to github.com port 443 after 21104 ms: Could not connect to server
[2026-01-14 10:58:19] Stack trace: 在 Main、D:\GitHub\SuperK8\run_autokb.ps1 中: 第 93 行
在 <ScriptBlock>、D:\GitHub\SuperK8\run_autokb.ps1 中: 第 113 行
